<?xml version="1.0" encoding="UTF-8"?>
<TestRun id="9099fb9f-4d33-44cb-b512-093843909613" name="Marleen@MARLEEN-HP 2018-04-13 20:10:46" runUser="Marleen-HP\Marleen" xmlns="http://microsoft.com/schemas/VisualStudio/TeamTest/2010">
  <TestSettings name="Default Test Settings" id="44f01b41-c353-4346-bf54-dbf674d67fa9">
    <Deployment runDeploymentRoot="Marleen_MARLEEN-HP 2018-04-13 20_10_46">
      <DeploymentItem filename="C:\Users\Marleen\Desktop\tt\packages\Newtonsoft.Json.6.0.3\lib\net40\Newtonsoft.Json.dll" />
      <DeploymentItem filename="C:\Users\Marleen\Desktop\tt\ExpediaCodingExercise\bin\ExpediaCodingExercise.dll" />
      <DeploymentItem filename="C:\Users\Marleen\Desktop\tt\packages\NUnit.3.0.0\lib\net40\nunit.framework.dll" />
    </Deployment>
    <Execution>
      <TestTypeSpecific />
      <AgentRule name="Execution Agents">
      </AgentRule>
    </Execution>
  </TestSettings>
  <Times creation="2018-04-13T20:10:46.6339594+03:00" queuing="2018-04-13T20:10:47.4840081+03:00" start="2018-04-13T20:10:47.5530120+03:00" finish="2018-04-13T20:10:54.3804025+03:00" />
  <ResultSummary outcome="Completed">
    <Counters total="2" executed="2" passed="2" error="0" failed="0" timeout="0" aborted="0" inconclusive="0" passedButRunAborted="0" notRunnable="0" notExecuted="0" disconnected="0" warning="0" completed="0" inProgress="0" pending="0" />
  </ResultSummary>
  <TestDefinitions>
    <UnitTest name="CanConsumeJSONAPI" storage="c:\users\marleen\desktop\tt\unittesting\bin\debug\unittesting.dll" id="cd92a1a9-3050-947a-7359-3a04799eb8fd">
      <Execution id="769c3505-6cd0-4181-9245-9ec4f446d0c2" />
      <TestMethod codeBase="C:/Users/Marleen/Desktop/tt/UnitTesting/bin/Debug/UnitTesting.DLL" adapterTypeName="Microsoft.VisualStudio.TestTools.TestTypes.Unit.UnitTestAdapter, Microsoft.VisualStudio.QualityTools.Tips.UnitTest.Adapter, Version=10.0.0.0, Culture=neutral, PublicKeyToken=b03f5f7f11d50a3a" className="UnitTest.UnitTes, UnitTesting, Version=1.0.0.0, Culture=neutral, PublicKeyToken=null" name="CanConsumeJSONAPI" />
    </UnitTest>
    <UnitTest name="canGetDistinantions" storage="c:\users\marleen\desktop\tt\unittesting\bin\debug\unittesting.dll" id="11e83c9e-f55f-4d61-ef75-b99b3a804323">
      <Execution id="ef9e17de-38fd-42e0-a5ba-5d1823b23ce6" />
      <TestMethod codeBase="C:/Users/Marleen/Desktop/tt/UnitTesting/bin/Debug/UnitTesting.DLL" adapterTypeName="Microsoft.VisualStudio.TestTools.TestTypes.Unit.UnitTestAdapter, Microsoft.VisualStudio.QualityTools.Tips.UnitTest.Adapter, Version=10.0.0.0, Culture=neutral, PublicKeyToken=b03f5f7f11d50a3a" className="UnitTest.UnitTes, UnitTesting, Version=1.0.0.0, Culture=neutral, PublicKeyToken=null" name="canGetDistinantions" />
    </UnitTest>
  </TestDefinitions>
  <TestLists>
    <TestList name="Results Not in a List" id="8c84fa94-04c1-424b-9868-57a2d4851a1d" />
    <TestList name="All Loaded Results" id="19431567-8539-422a-85d7-44ee4e166bda" />
  </TestLists>
  <TestEntries>
    <TestEntry testId="11e83c9e-f55f-4d61-ef75-b99b3a804323" executionId="ef9e17de-38fd-42e0-a5ba-5d1823b23ce6" testListId="8c84fa94-04c1-424b-9868-57a2d4851a1d" />
    <TestEntry testId="cd92a1a9-3050-947a-7359-3a04799eb8fd" executionId="769c3505-6cd0-4181-9245-9ec4f446d0c2" testListId="8c84fa94-04c1-424b-9868-57a2d4851a1d" />
  </TestEntries>
  <Results>
    <UnitTestResult executionId="ef9e17de-38fd-42e0-a5ba-5d1823b23ce6" testId="11e83c9e-f55f-4d61-ef75-b99b3a804323" testName="canGetDistinantions" computerName="MARLEEN-HP" duration="00:00:06.5575160" startTime="2018-04-13T20:10:47.5610125+03:00" endTime="2018-04-13T20:10:54.3484007+03:00" testType="13cdc9d9-ddb5-4fa4-a97d-d965ccfc6d4b" outcome="Passed" testListId="8c84fa94-04c1-424b-9868-57a2d4851a1d" relativeResultsDirectory="ef9e17de-38fd-42e0-a5ba-5d1823b23ce6">
    </UnitTestResult>
    <UnitTestResult executionId="769c3505-6cd0-4181-9245-9ec4f446d0c2" testId="cd92a1a9-3050-947a-7359-3a04799eb8fd" testName="CanConsumeJSONAPI" computerName="MARLEEN-HP" duration="00:00:00.0002175" startTime="2018-04-13T20:10:54.3564011+03:00" endTime="2018-04-13T20:10:54.3604014+03:00" testType="13cdc9d9-ddb5-4fa4-a97d-d965ccfc6d4b" outcome="Passed" testListId="8c84fa94-04c1-424b-9868-57a2d4851a1d" relativeResultsDirectory="769c3505-6cd0-4181-9245-9ec4f446d0c2">
    </UnitTestResult>
  </Results>
</TestRun>